Arguments: 
  C:\Program Files\nodejs\node.exe C:\Users\maarc\AppData\Roaming\npm\node_modules\yarn\bin\yarn.js add express@4.17.1

PATH: 
  C:\Users\maarc\bin;C:\Program Files\Git\mingw64\bin;C:\Program Files\Git\usr\local\bin;C:\Program Files\Git\usr\bin;C:\Program Files\Git\usr\bin;C:\Program Files\Git\mingw64\bin;C:\Program Files\Git\usr\bin;C:\Users\maarc\bin;C:\WINDOWS\system32;C:\WINDOWS;C:\WINDOWS\System32\Wbem;C:\WINDOWS\System32\WindowsPowerShell\v1.0;C:\WINDOWS\System32\OpenSSH;C:\Program Files\Git\cmd;C:\Program Files\nodejs;C:\Program Files\heroku\bin;C:\Users\maarc\AppData\Local\Microsoft\WindowsApps;C:\Users\maarc\AppData\Local\Programs\Microsoft VS Code\bin;C:\Users\maarc\AppData\Roaming\npm;C:\Program Files\heroku\bin;C:\Program Files\Git\usr\bin\vendor_perl;C:\Program Files\Git\usr\bin\core_perl

Yarn version: 
  1.22.17

Node version: 
  14.17.4

Platform: 
  win32 x64

Trace: 
  SyntaxError: E:\Project\Week_28_WebSocket---ToDo-List\package.json: Unexpected end of JSON input
      at JSON.parse (<anonymous>)
      at C:\Users\maarc\AppData\Roaming\npm\node_modules\yarn\lib\cli.js:1625:59
      at Generator.next (<anonymous>)
      at step (C:\Users\maarc\AppData\Roaming\npm\node_modules\yarn\lib\cli.js:310:30)
      at C:\Users\maarc\AppData\Roaming\npm\node_modules\yarn\lib\cli.js:321:13

npm manifest: 
  

yarn manifest: 
  No manifest

Lockfile: 
  No lockfile
